[
    {
        "desc": "Test Demo class",
        "count": 4,
        "pass": 1,
        "fail": 1,
        "error": 1,
        "skipped": 1,
        "cases": [
            {
                "number": "pt1.1",
                "name": "test_pass",
                "doc": "pass case",
                "result": "passed",
                "error": ""
            },
            {
                "number": "ft1.2",
                "name": "test_skip",
                "doc": "skip case",
                "result": "skipped",
                "error": "skip case"
            },
            {
                "number": "ft1.3",
                "name": "test_fail",
                "doc": "fail case",
                "result": "failure",
                "error": "Traceback (most recent call last):\n  File \"D:\\github\\AutoTestClass\\Learn-unittest-class\\plugin\\test_jsonrunner.py\", line 15, in test_fail\n    self.assertEqual(5, 6)\nAssertionError: 5 != 6\n"
            },
            {
                "number": "ft1.4",
                "name": "test_error",
                "doc": "error case",
                "result": "errors",
                "error": "Traceback (most recent call last):\n  File \"D:\\github\\AutoTestClass\\Learn-unittest-class\\plugin\\test_jsonrunner.py\", line 19, in test_error\n    self.assertEqual(a, 6)\n                     ^\nNameError: name 'a' is not defined\n"
            }
        ]
    }
]